<?xml version="1.0" encoding="UTF-8"?>
<!-- Generated by org.testng.reporters.JUnitReportReporter -->
<testsuite skipped="0" hostname="DESKTOP-KQVV1BD" name="com.E2E.app.HomePageMethod" tests="1" failures="0" timestamp="24 Jan 2019 05:50:46 GMT" time="24.197" errors="0">
  <testcase name="basePageNavigation" time="24.197" classname="com.E2E.app.HomePageMethod"/>
</testsuite> <!-- com.E2E.app.HomePageMethod -->
