<?xml version="1.0" encoding="UTF-8"?>
<!-- Generated by org.testng.reporters.JUnitReportReporter -->
<testsuite skipped="0" hostname="DESKTOP-KQVV1BD" name="com.E2E.app.HomePageMethod" tests="1" failures="0" timestamp="2019-02-11T22:37:59 CST" time="25.701" errors="0">
  <testcase name="basePageNavigation" time="25.701" classname="com.E2E.app.HomePageMethod"/>
</testsuite> <!-- com.E2E.app.HomePageMethod -->
